# JRE version: Java(TM) SE Runtime Environment (8.0_161-b12) (build 1.8.0_161-b12)
# Java VM: Java HotSpot(TM) 64-Bit Server VM (25.161-b12 mixed mode bsd-amd64 compressed oops)
Heap:
 PSYoungGen      total 149504K, used 149476K [0x00000007b5580000, 0x00000007c0000000, 0x00000007c0000000)
  eden space 124416K, 100% used [0x00000007b5580000,0x00000007bcf00000,0x00000007bcf00000)
  from space 25088K, 99% used [0x00000007bcf00000,0x00000007be779220,0x00000007be780000)
  to   space 25088K, 99% used [0x00000007be780000,0x00000007bfffc238,0x00000007c0000000)
 ParOldGen       total 175104K, used 67273K [0x00000007a0000000, 0x00000007aab00000, 0x00000007b5580000)
  object space 175104K, 38% used [0x00000007a0000000,0x00000007a41b8448,0x00000007aab00000)
 Metaspace       used 71716K, capacity 75966K, committed 76160K, reserved 1114112K
  class space    used 9883K, capacity 11054K, committed 11136K, reserved 1048576K
GC Heap History (10 events):
Event: 42.334 GC heap after
Heap after GC invocations=12 (full 2):
 PSYoungGen      total 148480K, used 14824K [0x00000007b5580000, 0x00000007c0000000, 0x00000007c0000000)
  eden space 133632K, 0% used [0x00000007b5580000,0x00000007b5580000,0x00000007bd800000)
  from space 14848K, 99% used [0x00000007be900000,0x00000007bf77a000,0x00000007bf780000)
  to   space 17408K, 0% used [0x00000007bd800000,0x00000007bd800000,0x00000007be900000)
 ParOldGen       total 175104K, used 22827K [0x00000007a0000000, 0x00000007aab00000, 0x00000007b5580000)
  object space 175104K, 13% used [0x00000007a0000000,0x00000007a164ac60,0x00000007aab00000)
 Metaspace       used 57203K, capacity 58868K, committed 59008K, reserved 1099776K
  class space    used 7848K, capacity 8275K, committed 8320K, reserved 1048576K
}
Event: 42.334 GC heap before
{Heap before GC invocations=13 (full 3):
 PSYoungGen      total 148480K, used 14824K [0x00000007b5580000, 0x00000007c0000000, 0x00000007c0000000)
  eden space 133632K, 0% used [0x00000007b5580000,0x00000007b5580000,0x00000007bd800000)
  from space 14848K, 99% used [0x00000007be900000,0x00000007bf77a000,0x00000007bf780000)
  to   space 17408K, 0% used [0x00000007bd800000,0x00000007bd800000,0x00000007be900000)
 ParOldGen       total 175104K, used 22827K [0x00000007a0000000, 0x00000007aab00000, 0x00000007b5580000)
  object space 175104K, 13% used [0x00000007a0000000,0x00000007a164ac60,0x00000007aab00000)
 Metaspace       used 57203K, capacity 58868K, committed 59008K, reserved 1099776K
  class space    used 7848K, capacity 8275K, committed 8320K, reserved 1048576K
Event: 42.592 GC heap after
Heap after GC invocations=13 (full 3):
 PSYoungGen      total 148480K, used 0K [0x00000007b5580000, 0x00000007c0000000, 0x00000007c0000000)
  eden space 133632K, 0% used [0x00000007b5580000,0x00000007b5580000,0x00000007bd800000)
  from space 14848K, 0% used [0x00000007be900000,0x00000007be900000,0x00000007bf780000)
  to   space 17408K, 0% used [0x00000007bd800000,0x00000007bd800000,0x00000007be900000)
 ParOldGen       total 175104K, used 33897K [0x00000007a0000000, 0x00000007aab00000, 0x00000007b5580000)
  object space 175104K, 19% used [0x00000007a0000000,0x00000007a211a5a8,0x00000007aab00000)
 Metaspace       used 57203K, capacity 58868K, committed 59008K, reserved 1099776K
  class space    used 7848K, capacity 8275K, committed 8320K, reserved 1048576K
}
Event: 49.213 GC heap before
{Heap before GC invocations=14 (full 3):
 PSYoungGen      total 148480K, used 133632K [0x00000007b5580000, 0x00000007c0000000, 0x00000007c0000000)
  eden space 133632K, 100% used [0x00000007b5580000,0x00000007bd800000,0x00000007bd800000)
  from space 14848K, 0% used [0x00000007be900000,0x00000007be900000,0x00000007bf780000)
  to   space 17408K, 0% used [0x00000007bd800000,0x00000007bd800000,0x00000007be900000)
 ParOldGen       total 175104K, used 33897K [0x00000007a0000000, 0x00000007aab00000, 0x00000007b5580000)
  object space 175104K, 19% used [0x00000007a0000000,0x00000007a211a5a8,0x00000007aab00000)
 Metaspace       used 61910K, capacity 64440K, committed 64640K, reserved 1103872K
  class space    used 8606K, capacity 9327K, committed 9344K, reserved 1048576K
Event: 49.247 GC heap after
Heap after GC invocations=14 (full 3):
 PSYoungGen      total 151040K, used 15942K [0x00000007b5580000, 0x00000007c0000000, 0x00000007c0000000)
  eden space 133632K, 0% used [0x00000007b5580000,0x00000007b5580000,0x00000007bd800000)
  from space 17408K, 91% used [0x00000007bd800000,0x00000007be7918f0,0x00000007be900000)
  to   space 18944K, 0% used [0x00000007bed80000,0x00000007bed80000,0x00000007c0000000)
 ParOldGen       total 175104K, used 33905K [0x00000007a0000000, 0x00000007aab00000, 0x00000007b5580000)
  object space 175104K, 19% used [0x00000007a0000000,0x00000007a211c5a8,0x00000007aab00000)
 Metaspace       used 61910K, capacity 64440K, committed 64640K, reserved 1103872K
  class space    used 8606K, capacity 9327K, committed 9344K, reserved 1048576K
}
Event: 56.400 GC heap before
{Heap before GC invocations=15 (full 3):
 PSYoungGen      total 151040K, used 149574K [0x00000007b5580000, 0x00000007c0000000, 0x00000007c0000000)
  eden space 133632K, 100% used [0x00000007b5580000,0x00000007bd800000,0x00000007bd800000)
  from space 17408K, 91% used [0x00000007bd800000,0x00000007be7918f0,0x00000007be900000)
  to   space 18944K, 0% used [0x00000007bed80000,0x00000007bed80000,0x00000007c0000000)
 ParOldGen       total 175104K, used 33905K [0x00000007a0000000, 0x00000007aab00000, 0x00000007b5580000)
  object space 175104K, 19% used [0x00000007a0000000,0x00000007a211c5a8,0x00000007aab00000)
 Metaspace       used 64844K, capacity 68426K, committed 68480K, reserved 1107968K
  class space    used 9020K, capacity 10070K, committed 10112K, reserved 1048576K
Event: 56.441 GC heap after
Heap after GC invocations=15 (full 3):
 PSYoungGen      total 143360K, used 18916K [0x00000007b5580000, 0x00000007c0000000, 0x00000007c0000000)
  eden space 124416K, 0% used [0x00000007b5580000,0x00000007b5580000,0x00000007bcf00000)
  from space 18944K, 99% used [0x00000007bed80000,0x00000007bfff9130,0x00000007c0000000)
  to   space 25088K, 0% used [0x00000007bcf00000,0x00000007bcf00000,0x00000007be780000)
 ParOldGen       total 175104K, used 45840K [0x00000007a0000000, 0x00000007aab00000, 0x00000007b5580000)
  object space 175104K, 26% used [0x00000007a0000000,0x00000007a2cc4128,0x00000007aab00000)
 Metaspace       used 64844K, capacity 68426K, committed 68480K, reserved 1107968K
  class space    used 9020K, capacity 10070K, committed 10112K, reserved 1048576K
}
Event: 64.842 GC heap before
{Heap before GC invocations=16 (full 3):
 PSYoungGen      total 143360K, used 143332K [0x00000007b5580000, 0x00000007c0000000, 0x00000007c0000000)
  eden space 124416K, 100% used [0x00000007b5580000,0x00000007bcf00000,0x00000007bcf00000)
  from space 18944K, 99% used [0x00000007bed80000,0x00000007bfff9130,0x00000007c0000000)
  to   space 25088K, 0% used [0x00000007bcf00000,0x00000007bcf00000,0x00000007be780000)
 ParOldGen       total 175104K, used 45840K [0x00000007a0000000, 0x00000007aab00000, 0x00000007b5580000)
  object space 175104K, 26% used [0x00000007a0000000,0x00000007a2cc4128,0x00000007aab00000)
 Metaspace       used 70446K, capacity 74410K, committed 74624K, reserved 1114112K
  class space    used 9719K, capacity 10860K, committed 10880K, reserved 1048576K
Event: 64.881 GC heap after
Heap after GC invocations=16 (full 3):
 PSYoungGen      total 149504K, used 25060K [0x00000007b5580000, 0x00000007c0000000, 0x00000007c0000000)
  eden space 124416K, 0% used [0x00000007b5580000,0x00000007b5580000,0x00000007bcf00000)
  from space 25088K, 99% used [0x00000007bcf00000,0x00000007be779220,0x00000007be780000)
  to   space 25088K, 0% used [0x00000007be780000,0x00000007be780000,0x00000007c0000000)
 ParOldGen       total 175104K, used 55993K [0x00000007a0000000, 0x00000007aab00000, 0x00000007b5580000)
  object space 175104K, 31% used [0x00000007a0000000,0x00000007a36ae4f0,0x00000007aab00000)
 Metaspace       used 70446K, capacity 74410K, committed 74624K, reserved 1114112K
  class space    used 9719K, capacity 10860K, committed 10880K, reserved 1048576K
}
Event: 67.876 GC heap before
{Heap before GC invocations=17 (full 3):
 PSYoungGen      total 149504K, used 149476K [0x00000007b5580000, 0x00000007c0000000, 0x00000007c0000000)
  eden space 124416K, 100% used [0x00000007b5580000,0x00000007bcf00000,0x00000007bcf00000)
  from space 25088K, 99% used [0x00000007bcf00000,0x00000007be779220,0x00000007be780000)
  to   space 25088K, 0% used [0x00000007be780000,0x00000007be780000,0x00000007c0000000)
 ParOldGen       total 175104K, used 55993K [0x00000007a0000000, 0x00000007aab00000, 0x00000007b5580000)
  object space 175104K, 31% used [0x00000007a0000000,0x00000007a36ae4f0,0x00000007aab00000)
 Metaspace       used 71716K, capacity 75966K, committed 76160K, reserved 1114112K
  class space    used 9883K, capacity 11054K, committed 11136K, reserved 1048576K

